1750760709440	geckodriver	INFO	Listening on 127.0.0.1:57538
1750760712525	mozrunner::runner	INFO	Running command: "C:\\Users\\Helio\\.cache\\selenium\\firefox\\win64\\139.0.4\\firefox.exe" "--marionette" "--remote-debuggin ... 9" "--remote-allow-hosts" "localhost" "-no-remote" "-profile" "C:\\Users\\Helio\\AppData\\Local\\Temp\\rust_mozprofile8orDDY"
console.warn: services.settings: Ignoring preference override of remote settings server
console.warn: services.settings: Allow by setting MOZ_REMOTE_SETTINGS_DEVTOOLS=1 in the environment
Dynamically enable window occlusion 0
1750760713617	Marionette	INFO	Marionette enabled
1750760714112	Marionette	INFO	Listening on port 57548
WebDriver BiDi listening on ws://127.0.0.1:57539
Read port: 57548
1750760714499	RemoteAgent	WARN	TLS certificate errors will be ignored for this session
[GFX1-]: Failed to compile vertex shader: cs_clip_rectangle

[ERROR webrender::device::gl] Failed to compile vertex shader: cs_clip_rectangle
    
[GFX1-]: Failed to compile vertex shader: cs_blur_COLOR_TARGET

[ERROR webrender::device::gl] Failed to compile vertex shader: cs_blur_COLOR_TARGET
    
[GFX1-]: Failed to compile vertex shader: cs_clip_rectangle

[ERROR webrender::device::gl] Failed to compile vertex shader: cs_clip_rectangle
    
[GFX1-]: Failed to compile vertex shader: ps_clear

[ERROR webrender::device::gl] Failed to compile vertex shader: ps_clear
    
[GFX1-]: Failed to compile vertex shader: cs_blur_COLOR_TARGET

[ERROR webrender::device::gl] Failed to compile vertex shader: cs_blur_COLOR_TARGET
    
[GFX1-]: Failed to compile vertex shader: cs_blur_COLOR_TARGET

[ERROR webrender::device::gl] Failed to compile vertex shader: cs_blur_COLOR_TARGET
    
[GFX1-]: Failed to compile vertex shader: ps_clear

[ERROR webrender::device::gl] Failed to compile vertex shader: ps_clear
    
[GFX1-]: Failed to compile vertex shader: cs_border_solid

[ERROR webrender::device::gl] Failed to compile vertex shader: cs_border_solid
    
[GFX1-]: Failed to compile vertex shader: ps_clear

[ERROR webrender::device::gl] Failed to compile vertex shader: ps_clear
    
[GFX1-]: Failed to compile vertex shader: cs_blur_COLOR_TARGET

[ERROR webrender::device::gl] Failed to compile vertex shader: cs_blur_COLOR_TARGET
    
[GFX1-]: Failed to compile vertex shader: cs_clip_box_shadow_TEXTURE_2D

[ERROR webrender::device::gl] Failed to compile vertex shader: cs_clip_box_shadow_TEXTURE_2D
    
[GFX1-]: Failed to compile vertex shader: cs_clip_rectangle_FAST_PATH

[ERROR webrender::device::gl] Failed to compile vertex shader: cs_clip_rectangle_FAST_PATH
    
[GFX1-]: Failed to compile vertex shader: ps_quad_textured

[ERROR webrender::device::gl] Failed to compile vertex shader: ps_quad_textured
    
[GFX1-]: Failed to compile vertex shader: ps_quad_mask_FAST_PATH

[ERROR webrender::device::gl] Failed to compile vertex shader: ps_quad_mask_FAST_PATH
    
[GFX1-]: Failed to compile vertex shader: ps_clear

[ERROR webrender::device::gl] Failed to compile vertex shader: ps_clear
    
[GFX1-]: Failed to compile vertex shader: cs_border_solid

[ERROR webrender::device::gl] Failed to compile vertex shader: cs_border_solid
    
[GFX1-]: Failed to compile vertex shader: cs_linear_gradient

[ERROR webrender::device::gl] Failed to compile vertex shader: cs_linear_gradient
    
[GFX1-]: Failed to compile vertex shader: cs_clip_rectangle_FAST_PATH

[ERROR webrender::device::gl] Failed to compile vertex shader: cs_clip_rectangle_FAST_PATH
    
[GFX1-]: Failed to compile vertex shader: cs_clip_box_shadow_TEXTURE_2D

[ERROR webrender::device::gl] Failed to compile vertex shader: cs_clip_box_shadow_TEXTURE_2D
    
[GFX1-]: Failed to compile vertex shader: cs_clip_rectangle_FAST_PATH

[ERROR webrender::device::gl] Failed to compile vertex shader: cs_clip_rectangle_FAST_PATH
    
[GFX1-]: Failed to compile vertex shader: brush_image_ALPHA_PASS_TEXTURE_2D

[ERROR webrender::device::gl] Failed to compile vertex shader: brush_image_ALPHA_PASS_TEXTURE_2D
    
[GFX1-]: Failed to compile vertex shader: ps_quad_textured

[ERROR webrender::device::gl] Failed to compile vertex shader: ps_quad_textured
    
[GFX1-]: Failed to compile vertex shader: brush_solid_ALPHA_PASS

[ERROR webrender::device::gl] Failed to compile vertex shader: brush_solid_ALPHA_PASS
    
[GFX1-]: Failed to compile vertex shader: ps_quad_textured

[ERROR webrender::device::gl] Failed to compile vertex shader: ps_quad_textured
    
[GFX1-]: Failed to compile vertex shader: ps_text_run_ALPHA_PASS_TEXTURE_2D

[ERROR webrender::device::gl] Failed to compile vertex shader: ps_text_run_ALPHA_PASS_TEXTURE_2D
    
[GFX1-]: Failed to compile vertex shader: brush_image_ALPHA_PASS_TEXTURE_2D

[ERROR webrender::device::gl] Failed to compile vertex shader: brush_image_ALPHA_PASS_TEXTURE_2D
    
[GFX1-]: Failed to compile vertex shader: brush_image_ALPHA_PASS_TEXTURE_2D

[ERROR webrender::device::gl] Failed to compile vertex shader: brush_image_ALPHA_PASS_TEXTURE_2D
    
[GFX1-]: Failed to compile vertex shader: ps_quad_textured

[ERROR webrender::device::gl] Failed to compile vertex shader: ps_quad_textured
    
[GFX1-]: Failed to compile vertex shader: ps_quad_mask_FAST_PATH

[ERROR webrender::device::gl] Failed to compile vertex shader: ps_quad_mask_FAST_PATH
    
[GFX1-]: DCompositionSurface::BeginDraw failed: 0x887a0005 Rect(x=524288, y=524288, w=1024, h=512)
[GFX1-]: Failed to compile vertex shader: ps_clear

[ERROR webrender::device::gl] Failed to compile vertex shader: ps_clear
    
[GFX1-]: Failed to compile vertex shader: ps_quad_textured

[ERROR webrender::device::gl] Failed to compile vertex shader: ps_quad_textured
    
[GFX1-]: Failed to compile vertex shader: brush_image_ALPHA_PASS_TEXTURE_2D

[ERROR webrender::device::gl] Failed to compile vertex shader: brush_image_ALPHA_PASS_TEXTURE_2D
    
[GFX1-]: Failed to compile vertex shader: brush_opacity_ALPHA_PASS

[ERROR webrender::device::gl] Failed to compile vertex shader: brush_opacity_ALPHA_PASS
    
[GFX1-]: Failed to compile vertex shader: brush_solid_ALPHA_PASS

[ERROR webrender::device::gl] Failed to compile vertex shader: brush_solid_ALPHA_PASS
    
[GFX1-]: Failed to compile vertex shader: ps_quad_textured

[ERROR webrender::device::gl] Failed to compile vertex shader: ps_quad_textured
    
[GFX1-]: Failed to compile vertex shader: brush_image_ALPHA_PASS_ANTIALIASING_REPETITION_TEXTURE_2D

[ERROR webrender::device::gl] Failed to compile vertex shader: brush_image_ALPHA_PASS_ANTIALIASING_REPETITION_TEXTURE_2D
    
[GFX1-]: Failed to compile vertex shader: ps_text_run_ALPHA_PASS_DUAL_SOURCE_BLENDING_TEXTURE_2D

[ERROR webrender::device::gl] Failed to compile vertex shader: ps_text_run_ALPHA_PASS_DUAL_SOURCE_BLENDING_TEXTURE_2D
    
[GFX1-]: DCompositionSurface::BeginDraw failed: 0x887a0005 Rect(x=525312, y=524288, w=342, h=512)
[GFX1-]: Failed to compile vertex shader: ps_clear

[ERROR webrender::device::gl] Failed to compile vertex shader: ps_clear
    
[GFX1-]: Failed to compile vertex shader: ps_quad_textured

[ERROR webrender::device::gl] Failed to compile vertex shader: ps_quad_textured
    
[GFX1-]: Failed to compile vertex shader: brush_image_ALPHA_PASS_TEXTURE_2D

[ERROR webrender::device::gl] Failed to compile vertex shader: brush_image_ALPHA_PASS_TEXTURE_2D
    
[GFX1-]: Failed to compile vertex shader: brush_opacity_ALPHA_PASS

[ERROR webrender::device::gl] Failed to compile vertex shader: brush_opacity_ALPHA_PASS
    
[GFX1-]: Failed to compile vertex shader: brush_solid_ALPHA_PASS

[ERROR webrender::device::gl] Failed to compile vertex shader: brush_solid_ALPHA_PASS
    
[GFX1-]: Failed to compile vertex shader: ps_quad_textured

[ERROR webrender::device::gl] Failed to compile vertex shader: ps_quad_textured
    
[GFX1-]: Failed to compile vertex shader: brush_image_ALPHA_PASS_ANTIALIASING_REPETITION_TEXTURE_2D

[ERROR webrender::device::gl] Failed to compile vertex shader: brush_image_ALPHA_PASS_ANTIALIASING_REPETITION_TEXTURE_2D
    
[GFX1-]: DCompositionSurface::BeginDraw failed: 0x887a0005 Rect(x=524288, y=524800, w=1024, h=216)
[GFX1-]: Failed to compile vertex shader: ps_clear

[ERROR webrender::device::gl] Failed to compile vertex shader: ps_clear
    
[GFX1-]: Failed to compile vertex shader: ps_quad_textured

[ERROR webrender::device::gl] Failed to compile vertex shader: ps_quad_textured
    
[GFX1-]: DCompositionSurface::BeginDraw failed: 0x887a0005 Rect(x=525312, y=524800, w=342, h=216)
[GFX1-]: Failed to compile vertex shader: ps_clear

[ERROR webrender::device::gl] Failed to compile vertex shader: ps_clear
    
[GFX1-]: Failed to compile vertex shader: ps_quad_textured

[ERROR webrender::device::gl] Failed to compile vertex shader: ps_quad_textured
    
[GFX1-]: wr_renderer_render: Shader(Compilation("cs_clip_rectangle", ""))
[GFX1-]: wr_renderer_render: Shader(Compilation("cs_blur_COLOR_TARGET", ""))
[GFX1-]: wr_renderer_render: Shader(Compilation("cs_clip_rectangle", ""))
[GFX1-]: wr_renderer_render: Shader(Compilation("ps_clear", ""))
[GFX1-]: wr_renderer_render: Shader(Compilation("cs_blur_COLOR_TARGET", ""))
[GFX1-]: wr_renderer_render: Shader(Compilation("cs_blur_COLOR_TARGET", ""))
[GFX1-]: wr_renderer_render: Shader(Compilation("ps_clear", ""))
[GFX1-]: wr_renderer_render: Shader(Compilation("cs_border_solid", ""))
[GFX1-]: wr_renderer_render: Shader(Compilation("ps_clear", ""))
[GFX1-]: wr_renderer_render: Shader(Compilation("cs_blur_COLOR_TARGET", ""))
[GFX1-]: wr_renderer_render: Shader(Compilation("cs_clip_box_shadow_TEXTURE_2D", ""))
[GFX1-]: wr_renderer_render: Shader(Compilation("cs_clip_rectangle_FAST_PATH", ""))
[GFX1-]: wr_renderer_render: Shader(Compilation("ps_quad_textured", ""))
[GFX1-]: wr_renderer_render: Shader(Compilation("ps_quad_mask_FAST_PATH", ""))
[GFX1-]: wr_renderer_render: Shader(Compilation("ps_clear", ""))
[GFX1-]: wr_renderer_render: Shader(Compilation("cs_border_solid", ""))
[GFX1-]: wr_renderer_render: Shader(Compilation("cs_linear_gradient", ""))
[GFX1-]: wr_renderer_render: Shader(Compilation("cs_clip_rectangle_FAST_PATH", ""))
[GFX1-]: wr_renderer_render: Shader(Compilation("cs_clip_box_shadow_TEXTURE_2D", ""))
[GFX1-]: wr_renderer_render: Shader(Compilation("cs_clip_rectangle_FAST_PATH", ""))
[GFX1-]: wr_renderer_render: Shader(Compilation("brush_image_ALPHA_PASS_TEXTURE_2D", ""))
[GFX1-]: wr_renderer_render: Shader(Compilation("ps_quad_textured", ""))
[GFX1-]: wr_renderer_render: Shader(Compilation("brush_solid_ALPHA_PASS", ""))
[GFX1-]: wr_renderer_render: Shader(Compilation("ps_quad_textured", ""))
[GFX1-]: wr_renderer_render: Shader(Compilation("ps_text_run_ALPHA_PASS_TEXTURE_2D", ""))
[GFX1-]: wr_renderer_render: Shader(Compilation("brush_image_ALPHA_PASS_TEXTURE_2D", ""))
[GFX1-]: wr_renderer_render: Shader(Compilation("brush_image_ALPHA_PASS_TEXTURE_2D", ""))
[GFX1-]: wr_renderer_render: Shader(Compilation("ps_quad_textured", ""))
[GFX1-]: wr_renderer_render: Shader(Compilation("ps_quad_mask_FAST_PATH", ""))
[GFX1-]: wr_renderer_render: Shader(Compilation("ps_clear", ""))
[GFX1-]: wr_renderer_render: Shader(Compilation("ps_quad_textured", ""))
[GFX1-]: wr_renderer_render: Shader(Compilation("brush_image_ALPHA_PASS_TEXTURE_2D", ""))
[GFX1-]: wr_renderer_render: Shader(Compilation("brush_opacity_ALPHA_PASS", ""))
[GFX1-]: wr_renderer_render: Shader(Compilation("brush_solid_ALPHA_PASS", ""))
[GFX1-]: wr_renderer_render: Shader(Compilation("ps_quad_textured", ""))
[GFX1-]: wr_renderer_render: Shader(Compilation("brush_image_ALPHA_PASS_ANTIALIASING_REPETITION_TEXTURE_2D", ""))
[GFX1-]: wr_renderer_render: Shader(Compilation("ps_text_run_ALPHA_PASS_DUAL_SOURCE_BLENDING_TEXTURE_2D", ""))
[GFX1-]: wr_renderer_render: Shader(Compilation("ps_clear", ""))
[GFX1-]: wr_renderer_render: Shader(Compilation("ps_quad_textured", ""))
[GFX1-]: wr_renderer_render: Shader(Compilation("brush_image_ALPHA_PASS_TEXTURE_2D", ""))
[GFX1-]: wr_renderer_render: Shader(Compilation("brush_opacity_ALPHA_PASS", ""))
[GFX1-]: wr_renderer_render: Shader(Compilation("brush_solid_ALPHA_PASS", ""))
[GFX1-]: wr_renderer_render: Shader(Compilation("ps_quad_textured", ""))
[GFX1-]: wr_renderer_render: Shader(Compilation("brush_image_ALPHA_PASS_ANTIALIASING_REPETITION_TEXTURE_2D", ""))
[GFX1-]: wr_renderer_render: Shader(Compilation("ps_clear", ""))
[GFX1-]: wr_renderer_render: Shader(Compilation("ps_quad_textured", ""))
[GFX1-]: wr_renderer_render: Shader(Compilation("ps_clear", ""))
[GFX1-]: wr_renderer_render: Shader(Compilation("ps_quad_textured", ""))
console.error: "Error in processing browser-window-delayed-startup for LinkPreview.init"
console.error: (new Error("Failed to load chrome://browser/content/genai/content/link-preview-card.mjs", "moz-src:///browser/components/genai/LinkPreview.sys.mjs", 75))
Hit MOZ_CRASH([unhandlable oom] Failed to allocate new chunk during GC) at /builds/worker/checkouts/gecko/js/src/vm/JSContext.cpp:1365
