1750758894382	geckodriver	INFO	Listening on 127.0.0.1:55749
1750758897537	mozrunner::runner	INFO	Running command: "C:\\Users\\Helio\\.cache\\selenium\\firefox\\win64\\139.0.4\\firefox.exe" "--marionette" "--remote-debuggin ... 0" "--remote-allow-hosts" "localhost" "-no-remote" "-profile" "C:\\Users\\Helio\\AppData\\Local\\Temp\\rust_mozprofilegPL58q"
console.warn: services.settings: Ignoring preference override of remote settings server
console.warn: services.settings: Allow by setting MOZ_REMOTE_SETTINGS_DEVTOOLS=1 in the environment
Dynamically enable window occlusion 0
1750758898776	Marionette	INFO	Marionette enabled
1750758899348	Marionette	INFO	Listening on port 55759
Read port: 55759
WebDriver BiDi listening on ws://127.0.0.1:55750
1750758899566	RemoteAgent	WARN	TLS certificate errors will be ignored for this session
out of memory: 0x00000000000000A8 bytes requested
[GFX1-]: Failed to compile vertex shader: cs_clip_rectangle

[ERROR webrender::device::gl] Failed to compile vertex shader: cs_clip_rectangle
    
[GFX1-]: Failed to compile vertex shader: cs_blur_COLOR_TARGET

[ERROR webrender::device::gl] Failed to compile vertex shader: cs_blur_COLOR_TARGET
    
[GFX1-]: Failed to compile vertex shader: cs_clip_rectangle

[ERROR webrender::device::gl] Failed to compile vertex shader: cs_clip_rectangle
    
[GFX1-]: Failed to compile vertex shader: ps_clear

[ERROR webrender::device::gl] Failed to compile vertex shader: ps_clear
    
[GFX1-]: Failed to compile vertex shader: cs_blur_COLOR_TARGET

[ERROR webrender::device::gl] Failed to compile vertex shader: cs_blur_COLOR_TARGET
    
[GFX1-]: Failed to compile vertex shader: cs_blur_COLOR_TARGET

[ERROR webrender::device::gl] Failed to compile vertex shader: cs_blur_COLOR_TARGET
    
[GFX1-]: Failed to compile vertex shader: ps_clear

[ERROR webrender::device::gl] Failed to compile vertex shader: ps_clear
    
[GFX1-]: Failed to compile vertex shader: cs_border_solid

[ERROR webrender::device::gl] Failed to compile vertex shader: cs_border_solid
    
[GFX1-]: Failed to compile vertex shader: ps_clear

[ERROR webrender::device::gl] Failed to compile vertex shader: ps_clear
    
[GFX1-]: Failed to compile vertex shader: cs_blur_COLOR_TARGET

[ERROR webrender::device::gl] Failed to compile vertex shader: cs_blur_COLOR_TARGET
    
[GFX1-]: Failed to compile vertex shader: cs_clip_box_shadow_TEXTURE_2D

[ERROR webrender::device::gl] Failed to compile vertex shader: cs_clip_box_shadow_TEXTURE_2D
    
[GFX1-]: Failed to compile vertex shader: cs_clip_rectangle_FAST_PATH

[ERROR webrender::device::gl] Failed to compile vertex shader: cs_clip_rectangle_FAST_PATH
    
[GFX1-]: Failed to compile vertex shader: ps_quad_textured

[ERROR webrender::device::gl] Failed to compile vertex shader: ps_quad_textured
    
[GFX1-]: Failed to compile vertex shader: ps_quad_mask_FAST_PATH

[ERROR webrender::device::gl] Failed to compile vertex shader: ps_quad_mask_FAST_PATH
    
[GFX1-]: Failed to compile vertex shader: ps_clear

[ERROR webrender::device::gl] Failed to compile vertex shader: ps_clear
    
[GFX1-]: Failed to compile vertex shader: cs_border_solid

[ERROR webrender::device::gl] Failed to compile vertex shader: cs_border_solid
    
[GFX1-]: Failed to compile vertex shader: cs_linear_gradient

[ERROR webrender::device::gl] Failed to compile vertex shader: cs_linear_gradient
    
[GFX1-]: Failed to compile vertex shader: cs_clip_rectangle_FAST_PATH

[ERROR webrender::device::gl] Failed to compile vertex shader: cs_clip_rectangle_FAST_PATH
    
[GFX1-]: Failed to compile vertex shader: cs_clip_box_shadow_TEXTURE_2D

[ERROR webrender::device::gl] Failed to compile vertex shader: cs_clip_box_shadow_TEXTURE_2D
    
[GFX1-]: Failed to compile vertex shader: cs_clip_rectangle_FAST_PATH

[ERROR webrender::device::gl] Failed to compile vertex shader: cs_clip_rectangle_FAST_PATH
    
[GFX1-]: Failed to compile vertex shader: brush_image_ALPHA_PASS_TEXTURE_2D

[ERROR webrender::device::gl] Failed to compile vertex shader: brush_image_ALPHA_PASS_TEXTURE_2D
    
[GFX1-]: Failed to compile vertex shader: ps_quad_textured

[ERROR webrender::device::gl] Failed to compile vertex shader: ps_quad_textured
    
[GFX1-]: Failed to compile vertex shader: brush_solid_ALPHA_PASS

[ERROR webrender::device::gl] Failed to compile vertex shader: brush_solid_ALPHA_PASS
    
[GFX1-]: Failed to compile vertex shader: ps_quad_textured

[ERROR webrender::device::gl] Failed to compile vertex shader: ps_quad_textured
    
[GFX1-]: Failed to compile vertex shader: ps_text_run_ALPHA_PASS_TEXTURE_2D

[ERROR webrender::device::gl] Failed to compile vertex shader: ps_text_run_ALPHA_PASS_TEXTURE_2D
    
[GFX1-]: Failed to compile vertex shader: brush_image_ALPHA_PASS_TEXTURE_2D

[ERROR webrender::device::gl] Failed to compile vertex shader: brush_image_ALPHA_PASS_TEXTURE_2D
    
[GFX1-]: Failed to compile vertex shader: brush_image_ALPHA_PASS_TEXTURE_2D

[ERROR webrender::device::gl] Failed to compile vertex shader: brush_image_ALPHA_PASS_TEXTURE_2D
    
[GFX1-]: Failed to compile vertex shader: ps_quad_textured

[ERROR webrender::device::gl] Failed to compile vertex shader: ps_quad_textured
    
[GFX1-]: Failed to compile vertex shader: ps_quad_mask_FAST_PATH

[ERROR webrender::device::gl] Failed to compile vertex shader: ps_quad_mask_FAST_PATH
    
[GFX1-]: DCompositionSurface::BeginDraw failed: 0x887a0005 Rect(x=524288, y=524288, w=1024, h=512)
[GFX1-]: Failed to compile vertex shader: ps_clear

[ERROR webrender::device::gl] Failed to compile vertex shader: ps_clear
    
[GFX1-]: Failed to compile vertex shader: ps_quad_textured

[ERROR webrender::device::gl] Failed to compile vertex shader: ps_quad_textured
    
[GFX1-]: Failed to compile vertex shader: brush_image_ALPHA_PASS_TEXTURE_2D

[ERROR webrender::device::gl] Failed to compile vertex shader: brush_image_ALPHA_PASS_TEXTURE_2D
    
[GFX1-]: Failed to compile vertex shader: brush_opacity_ALPHA_PASS

[ERROR webrender::device::gl] Failed to compile vertex shader: brush_opacity_ALPHA_PASS
    
[GFX1-]: Failed to compile vertex shader: brush_solid_ALPHA_PASS

[ERROR webrender::device::gl] Failed to compile vertex shader: brush_solid_ALPHA_PASS
    
[GFX1-]: Failed to compile vertex shader: ps_quad_textured

[ERROR webrender::device::gl] Failed to compile vertex shader: ps_quad_textured
    
[GFX1-]: Failed to compile vertex shader: brush_image_ALPHA_PASS_ANTIALIASING_REPETITION_TEXTURE_2D

[ERROR webrender::device::gl] Failed to compile vertex shader: brush_image_ALPHA_PASS_ANTIALIASING_REPETITION_TEXTURE_2D
    
[GFX1-]: Failed to compile vertex shader: ps_text_run_ALPHA_PASS_DUAL_SOURCE_BLENDING_TEXTURE_2D

[ERROR webrender::device::gl] Failed to compile vertex shader: ps_text_run_ALPHA_PASS_DUAL_SOURCE_BLENDING_TEXTURE_2D
    
[GFX1-]: DCompositionSurface::BeginDraw failed: 0x887a0005 Rect(x=525312, y=524288, w=342, h=512)
[GFX1-]: Failed to compile vertex shader: ps_clear

[ERROR webrender::device::gl] Failed to compile vertex shader: ps_clear
    
[GFX1-]: Failed to compile vertex shader: ps_quad_textured

[ERROR webrender::device::gl] Failed to compile vertex shader: ps_quad_textured
    
[GFX1-]: Failed to compile vertex shader: brush_image_ALPHA_PASS_TEXTURE_2D

[ERROR webrender::device::gl] Failed to compile vertex shader: brush_image_ALPHA_PASS_TEXTURE_2D
    
[GFX1-]: Failed to compile vertex shader: brush_opacity_ALPHA_PASS

[ERROR webrender::device::gl] Failed to compile vertex shader: brush_opacity_ALPHA_PASS
    
[GFX1-]: Failed to compile vertex shader: brush_solid_ALPHA_PASS

[ERROR webrender::device::gl] Failed to compile vertex shader: brush_solid_ALPHA_PASS
    
[GFX1-]: Failed to compile vertex shader: ps_quad_textured

[ERROR webrender::device::gl] Failed to compile vertex shader: ps_quad_textured
    
[GFX1-]: Failed to compile vertex shader: brush_image_ALPHA_PASS_ANTIALIASING_REPETITION_TEXTURE_2D

[ERROR webrender::device::gl] Failed to compile vertex shader: brush_image_ALPHA_PASS_ANTIALIASING_REPETITION_TEXTURE_2D
    
[GFX1-]: DCompositionSurface::BeginDraw failed: 0x887a0005 Rect(x=524288, y=524800, w=1024, h=216)
[GFX1-]: Failed to compile vertex shader: ps_clear

[ERROR webrender::device::gl] Failed to compile vertex shader: ps_clear
    
[GFX1-]: Failed to compile vertex shader: ps_quad_textured

[ERROR webrender::device::gl] Failed to compile vertex shader: ps_quad_textured
    
[GFX1-]: DCompositionSurface::BeginDraw failed: 0x887a0005 Rect(x=525312, y=524800, w=342, h=216)
[GFX1-]: Failed to compile vertex shader: ps_clear

[ERROR webrender::device::gl] Failed to compile vertex shader: ps_clear
    
[GFX1-]: Failed to compile vertex shader: ps_quad_textured

[ERROR webrender::device::gl] Failed to compile vertex shader: ps_quad_textured
    
[GFX1-]: wr_renderer_render: Shader(Compilation("cs_clip_rectangle", ""))
[GFX1-]: wr_renderer_render: Shader(Compilation("cs_blur_COLOR_TARGET", ""))
[GFX1-]: wr_renderer_render: Shader(Compilation("cs_clip_rectangle", ""))
[GFX1-]: wr_renderer_render: Shader(Compilation("ps_clear", ""))
[GFX1-]: wr_renderer_render: Shader(Compilation("cs_blur_COLOR_TARGET", ""))
[GFX1-]: wr_renderer_render: Shader(Compilation("cs_blur_COLOR_TARGET", ""))
[GFX1-]: wr_renderer_render: Shader(Compilation("ps_clear", ""))
[GFX1-]: wr_renderer_render: Shader(Compilation("cs_border_solid", ""))
[GFX1-]: wr_renderer_render: Shader(Compilation("ps_clear", ""))
[GFX1-]: wr_renderer_render: Shader(Compilation("cs_blur_COLOR_TARGET", ""))
[GFX1-]: wr_renderer_render: Shader(Compilation("cs_clip_box_shadow_TEXTURE_2D", ""))
[GFX1-]: wr_renderer_render: Shader(Compilation("cs_clip_rectangle_FAST_PATH", ""))
[GFX1-]: wr_renderer_render: Shader(Compilation("ps_quad_textured", ""))
[GFX1-]: wr_renderer_render: Shader(Compilation("ps_quad_mask_FAST_PATH", ""))
[GFX1-]: wr_renderer_render: Shader(Compilation("ps_clear", ""))
[GFX1-]: wr_renderer_render: Shader(Compilation("cs_border_solid", ""))
[GFX1-]: wr_renderer_render: Shader(Compilation("cs_linear_gradient", ""))
[GFX1-]: wr_renderer_render: Shader(Compilation("cs_clip_rectangle_FAST_PATH", ""))
[GFX1-]: wr_renderer_render: Shader(Compilation("cs_clip_box_shadow_TEXTURE_2D", ""))
[GFX1-]: wr_renderer_render: Shader(Compilation("cs_clip_rectangle_FAST_PATH", ""))
[GFX1-]: wr_renderer_render: Shader(Compilation("brush_image_ALPHA_PASS_TEXTURE_2D", ""))
[GFX1-]: wr_renderer_render: Shader(Compilation("ps_quad_textured", ""))
[GFX1-]: wr_renderer_render: Shader(Compilation("brush_solid_ALPHA_PASS", ""))
[GFX1-]: wr_renderer_render: Shader(Compilation("ps_quad_textured", ""))
[GFX1-]: wr_renderer_render: Shader(Compilation("ps_text_run_ALPHA_PASS_TEXTURE_2D", ""))
[GFX1-]: wr_renderer_render: Shader(Compilation("brush_image_ALPHA_PASS_TEXTURE_2D", ""))
[GFX1-]: wr_renderer_render: Shader(Compilation("brush_image_ALPHA_PASS_TEXTURE_2D", ""))
[GFX1-]: wr_renderer_render: Shader(Compilation("ps_quad_textured", ""))
[GFX1-]: wr_renderer_render: Shader(Compilation("ps_quad_mask_FAST_PATH", ""))
[GFX1-]: wr_renderer_render: Shader(Compilation("ps_clear", ""))
[GFX1-]: wr_renderer_render: Shader(Compilation("ps_quad_textured", ""))
[GFX1-]: wr_renderer_render: Shader(Compilation("brush_image_ALPHA_PASS_TEXTURE_2D", ""))
[GFX1-]: wr_renderer_render: Shader(Compilation("brush_opacity_ALPHA_PASS", ""))
[GFX1-]: wr_renderer_render: Shader(Compilation("brush_solid_ALPHA_PASS", ""))
[GFX1-]: wr_renderer_render: Shader(Compilation("ps_quad_textured", ""))
[GFX1-]: wr_renderer_render: Shader(Compilation("brush_image_ALPHA_PASS_ANTIALIASING_REPETITION_TEXTURE_2D", ""))
[GFX1-]: wr_renderer_render: Shader(Compilation("ps_text_run_ALPHA_PASS_DUAL_SOURCE_BLENDING_TEXTURE_2D", ""))
[GFX1-]: wr_renderer_render: Shader(Compilation("ps_clear", ""))
[GFX1-]: wr_renderer_render: Shader(Compilation("ps_quad_textured", ""))
[GFX1-]: wr_renderer_render: Shader(Compilation("brush_image_ALPHA_PASS_TEXTURE_2D", ""))
[GFX1-]: wr_renderer_render: Shader(Compilation("brush_opacity_ALPHA_PASS", ""))
[GFX1-]: wr_renderer_render: Shader(Compilation("brush_solid_ALPHA_PASS", ""))
[GFX1-]: wr_renderer_render: Shader(Compilation("ps_quad_textured", ""))
[GFX1-]: wr_renderer_render: Shader(Compilation("brush_image_ALPHA_PASS_ANTIALIASING_REPETITION_TEXTURE_2D", ""))
[GFX1-]: wr_renderer_render: Shader(Compilation("ps_clear", ""))
[GFX1-]: wr_renderer_render: Shader(Compilation("ps_quad_textured", ""))
[GFX1-]: wr_renderer_render: Shader(Compilation("ps_clear", ""))
[GFX1-]: wr_renderer_render: Shader(Compilation("ps_quad_textured", ""))
A content process crashed and MOZ_CRASHREPORTER_SHUTDOWN is set, shutting down
[GFX1-]: Handling webrender error 4
[GFX1-]: Fallback WR to SW-WR + D3D11
[GFX1-]: Failed to make render context current during destroying.
[GFX1-]: Error in eglMakeCurrent: 0x300e
[GFX1-]: Error in eglDestroySurface: 0x300e
[GFX1-]: Detect DeviceReset DeviceResetReason::DRIVER_ERROR DeviceResetDetectPlace::WR_POST_UPDATE in GPU process
1750758903965	Marionette	INFO	Stopped listening on port 55759
Dynamically enable window occlusion 1
1750758903998	CDP	WARN	Failed to remove undefined (Could not remove `undefined': could not parse path (NS_ERROR_FILE_UNRECOGNIZED_PATH))
JavaScript error: , line 0: uncaught exception: undefined
console.error: "Failed to fetch https://ads.mozilla.org/v1/delete_user:" "NetworkError when attempting to fetch resource."
console.error: services.settings: 
  Remote Settings startup changesets bundle could not be extracted ([Exception... "<no message>"  nsresult: "0x8046001e (<unknown>)"  location: "JS frame :: resource://gre/modules/ServiceRequest.sys.mjs :: open :: line 126"  data: no])
console.error: services.settings: 
Object
  - prototype Object
    - columnNumber = 0
    - data = null
    - filename = resource://gre/modules/ServiceRequest.sys.mjs
    - lineNumber = 126
    - location = {"name":"open","filename":"resource://gre/modules/ServiceRequest.sys.mjs","sourceId":29,"lineNumber":126,"columnNumber":11,"asyncCause":null,"asyncCaller":null,"caller":{"filename":"resource://services-settings/Utils.sys.mjs","name":"fetch/<","sourceId":28,"lineNumber":268,"columnNumber":15,"asyncCause":null,"asyncCaller":null,"caller":{"filename":"resource://services-settings/Utils.sys.mjs","name":"fetch","sourceId":28,"lineNumber":219,"columnNumber":12,"asyncCause":null,"asyncCaller":null,"caller":{"filename":"resource://services-settings/Utils.sys.mjs","name":"fetchLatestChanges","sourceId":28,"lineNumber":429,"columnNumber":34,"asyncCause":null,"asyncCaller":null,"caller":{"filename":"resource://services-settings/RemoteSettingsClient.sys.mjs","name":"sync","sourceId":26,"lineNumber":625,"columnNumber":42,"asyncCause":null,"asyncCaller":null,"caller":{"filename":"resource://services-settings/RemoteSettingsClient.sys.mjs","name":"get/this._importingPromise<","sourceId":26,"lineNumber":477,"columnNumber":28,"asyncCause":null,"asyncCaller":null,"caller":null,"formattedStack":"get/this._importingPromise<@resource://services-settings/RemoteSettingsClient.sys.mjs:477:28\n","nativeSavedFrame":{}},"formattedStack":"sync@resource://services-settings/RemoteSettingsClient.sys.mjs:625:42\nget/this._importingPromise<@resource://services-settings/RemoteSettingsClient.sys.mjs:477:28\n","nativeSavedFrame":{}},"formattedStack":"fetchLatestChanges@resource://services-settings/Utils.sys.mjs:429:34\nsync@resource://services-settings/RemoteSettingsClient.sys.mjs:625:42\nget/this._importingPromise<@resource://services-settings/RemoteSettingsClient.sys.mjs:477:28\n","nativeSavedFrame":{}},"formattedStack":"fetch@resource://services-settings/Utils.sys.mjs:219:12\nfetchLatestChanges@resource://services-settings/Utils.sys.mjs:429:34\nsync@resource://services-settings/RemoteSettingsClient.sys.mjs:625:42\nget/this._importingPromise<@resource://services-settings/RemoteSettingsClient.sys.mjs:477:28\n","nativeSavedFrame":{}},"formattedStack":"fetch/<@resource://services-settings/Utils.sys.mjs:268:15\nfetch@resource://services-settings/Utils.sys.mjs:219:12\nfetchLatestChanges@resource://services-settings/Utils.sys.mjs:429:34\nsync@resource://services-settings/RemoteSettingsClient.sys.mjs:625:42\nget/this._importingPromise<@resource://services-settings/RemoteSettingsClient.sys.mjs:477:28\n","nativeSavedFrame":{}},"formattedStack":"open@resource://gre/modules/ServiceRequest.sys.mjs:126:11\nfetch/<@resource://services-settings/Utils.sys.mjs:268:15\nfetch@resource://services-settings/Utils.sys.mjs:219:12\nfetchLatestChanges@resource://services-settings/Utils.sys.mjs:429:34\nsync@resource://services-settings/RemoteSettingsClient.sys.mjs:625:42\nget/this._importingPromise<@resource://services-settings/RemoteSettingsClient.sys.mjs:477:28\n","nativeSavedFrame":{}}
    - message = 
    - name = 
    - result = 2152071198
    - stack = open@resource://gre/modules/ServiceRequest.sys.mjs:126:11|fetch/<@resource://services-settings/Utils.sys.mjs:268:15|fetch@resource://services-settings/Utils.sys.mjs:219:12|fetchLatestChanges@resource://services-settings/Utils.sys.mjs:429:34|sync@resource://services-settings/RemoteSettingsClient.sys.mjs:625:42|get/this._importingPromise<@resource://services-settings/RemoteSettingsClient.sys.mjs:477:28|
  - prototype Object
console.error: services.settings: 
Object
  - prototype Object
    - columnNumber = 0
    - data = null
    - filename = resource://gre/modules/ServiceRequest.sys.mjs
    - lineNumber = 126
    - location = {"name":"open","filename":"resource://gre/modules/ServiceRequest.sys.mjs","sourceId":29,"lineNumber":126,"columnNumber":11,"asyncCause":null,"asyncCaller":null,"caller":{"filename":"resource://services-settings/Utils.sys.mjs","name":"fetch/<","sourceId":28,"lineNumber":268,"columnNumber":15,"asyncCause":null,"asyncCaller":null,"caller":{"filename":"resource://services-settings/Utils.sys.mjs","name":"fetch","sourceId":28,"lineNumber":219,"columnNumber":12,"asyncCause":null,"asyncCaller":null,"caller":{"filename":"resource://services-settings/Utils.sys.mjs","name":"fetchLatestChanges","sourceId":28,"lineNumber":429,"columnNumber":34,"asyncCause":null,"asyncCaller":null,"caller":{"filename":"resource://services-settings/RemoteSettingsClient.sys.mjs","name":"sync","sourceId":26,"lineNumber":625,"columnNumber":42,"asyncCause":null,"asyncCaller":null,"caller":{"filename":"resource://services-settings/RemoteSettingsClient.sys.mjs","name":"get/this._importingPromise<","sourceId":26,"lineNumber":477,"columnNumber":28,"asyncCause":null,"asyncCaller":null,"caller":null,"formattedStack":"get/this._importingPromise<@resource://services-settings/RemoteSettingsClient.sys.mjs:477:28\n","nativeSavedFrame":{}},"formattedStack":"sync@resource://services-settings/RemoteSettingsClient.sys.mjs:625:42\nget/this._importingPromise<@resource://services-settings/RemoteSettingsClient.sys.mjs:477:28\n","nativeSavedFrame":{}},"formattedStack":"fetchLatestChanges@resource://services-settings/Utils.sys.mjs:429:34\nsync@resource://services-settings/RemoteSettingsClient.sys.mjs:625:42\nget/this._importingPromise<@resource://services-settings/RemoteSettingsClient.sys.mjs:477:28\n","nativeSavedFrame":{}},"formattedStack":"fetch@resource://services-settings/Utils.sys.mjs:219:12\nfetchLatestChanges@resource://services-settings/Utils.sys.mjs:429:34\nsync@resource://services-settings/RemoteSettingsClient.sys.mjs:625:42\nget/this._importingPromise<@resource://services-settings/RemoteSettingsClient.sys.mjs:477:28\n","nativeSavedFrame":{}},"formattedStack":"fetch/<@resource://services-settings/Utils.sys.mjs:268:15\nfetch@resource://services-settings/Utils.sys.mjs:219:12\nfetchLatestChanges@resource://services-settings/Utils.sys.mjs:429:34\nsync@resource://services-settings/RemoteSettingsClient.sys.mjs:625:42\nget/this._importingPromise<@resource://services-settings/RemoteSettingsClient.sys.mjs:477:28\n","nativeSavedFrame":{}},"formattedStack":"open@resource://gre/modules/ServiceRequest.sys.mjs:126:11\nfetch/<@resource://services-settings/Utils.sys.mjs:268:15\nfetch@resource://services-settings/Utils.sys.mjs:219:12\nfetchLatestChanges@resource://services-settings/Utils.sys.mjs:429:34\nsync@resource://services-settings/RemoteSettingsClient.sys.mjs:625:42\nget/this._importingPromise<@resource://services-settings/RemoteSettingsClient.sys.mjs:477:28\n","nativeSavedFrame":{}}
    - message = 
    - name = 
    - result = 2152071198
    - stack = open@resource://gre/modules/ServiceRequest.sys.mjs:126:11|fetch/<@resource://services-settings/Utils.sys.mjs:268:15|fetch@resource://services-settings/Utils.sys.mjs:219:12|fetchLatestChanges@resource://services-settings/Utils.sys.mjs:429:34|sync@resource://services-settings/RemoteSettingsClient.sys.mjs:625:42|get/this._importingPromise<@resource://services-settings/RemoteSettingsClient.sys.mjs:477:28|
  - prototype Object
console.error: services.settings: 
Object
  - prototype Object
    - columnNumber = 0
    - data = null
    - filename = resource://gre/modules/ServiceRequest.sys.mjs
    - lineNumber = 126
    - location = {"name":"open","filename":"resource://gre/modules/ServiceRequest.sys.mjs","sourceId":29,"lineNumber":126,"columnNumber":11,"asyncCause":null,"asyncCaller":null,"caller":{"filename":"resource://services-settings/Utils.sys.mjs","name":"fetch/<","sourceId":28,"lineNumber":268,"columnNumber":15,"asyncCause":null,"asyncCaller":null,"caller":{"filename":"resource://services-settings/Utils.sys.mjs","name":"fetch","sourceId":28,"lineNumber":219,"columnNumber":12,"asyncCause":null,"asyncCaller":null,"caller":{"filename":"resource://services-settings/Utils.sys.mjs","name":"fetchLatestChanges","sourceId":28,"lineNumber":429,"columnNumber":34,"asyncCause":null,"asyncCaller":null,"caller":{"filename":"resource://services-settings/RemoteSettingsClient.sys.mjs","name":"sync","sourceId":26,"lineNumber":625,"columnNumber":42,"asyncCause":null,"asyncCaller":null,"caller":{"filename":"resource://services-settings/RemoteSettingsClient.sys.mjs","name":"get/this._importingPromise<","sourceId":26,"lineNumber":477,"columnNumber":28,"asyncCause":null,"asyncCaller":null,"caller":null,"formattedStack":"get/this._importingPromise<@resource://services-settings/RemoteSettingsClient.sys.mjs:477:28\n","nativeSavedFrame":{}},"formattedStack":"sync@resource://services-settings/RemoteSettingsClient.sys.mjs:625:42\nget/this._importingPromise<@resource://services-settings/RemoteSettingsClient.sys.mjs:477:28\n","nativeSavedFrame":{}},"formattedStack":"fetchLatestChanges@resource://services-settings/Utils.sys.mjs:429:34\nsync@resource://services-settings/RemoteSettingsClient.sys.mjs:625:42\nget/this._importingPromise<@resource://services-settings/RemoteSettingsClient.sys.mjs:477:28\n","nativeSavedFrame":{}},"formattedStack":"fetch@resource://services-settings/Utils.sys.mjs:219:12\nfetchLatestChanges@resource://services-settings/Utils.sys.mjs:429:34\nsync@resource://services-settings/RemoteSettingsClient.sys.mjs:625:42\nget/this._importingPromise<@resource://services-settings/RemoteSettingsClient.sys.mjs:477:28\n","nativeSavedFrame":{}},"formattedStack":"fetch/<@resource://services-settings/Utils.sys.mjs:268:15\nfetch@resource://services-settings/Utils.sys.mjs:219:12\nfetchLatestChanges@resource://services-settings/Utils.sys.mjs:429:34\nsync@resource://services-settings/RemoteSettingsClient.sys.mjs:625:42\nget/this._importingPromise<@resource://services-settings/RemoteSettingsClient.sys.mjs:477:28\n","nativeSavedFrame":{}},"formattedStack":"open@resource://gre/modules/ServiceRequest.sys.mjs:126:11\nfetch/<@resource://services-settings/Utils.sys.mjs:268:15\nfetch@resource://services-settings/Utils.sys.mjs:219:12\nfetchLatestChanges@resource://services-settings/Utils.sys.mjs:429:34\nsync@resource://services-settings/RemoteSettingsClient.sys.mjs:625:42\nget/this._importingPromise<@resource://services-settings/RemoteSettingsClient.sys.mjs:477:28\n","nativeSavedFrame":{}}
    - message = 
    - name = 
    - result = 2152071198
    - stack = open@resource://gre/modules/ServiceRequest.sys.mjs:126:11|fetch/<@resource://services-settings/Utils.sys.mjs:268:15|fetch@resource://services-settings/Utils.sys.mjs:219:12|fetchLatestChanges@resource://services-settings/Utils.sys.mjs:429:34|sync@resource://services-settings/RemoteSettingsClient.sys.mjs:625:42|get/this._importingPromise<@resource://services-settings/RemoteSettingsClient.sys.mjs:477:28|
  - prototype Object
console.error: services.settings: 
Object
  - prototype Object
    - columnNumber = 0
    - data = null
    - filename = resource://gre/modules/ServiceRequest.sys.mjs
    - lineNumber = 126
    - location = {"name":"open","filename":"resource://gre/modules/ServiceRequest.sys.mjs","sourceId":29,"lineNumber":126,"columnNumber":11,"asyncCause":null,"asyncCaller":null,"caller":{"filename":"resource://services-settings/Utils.sys.mjs","name":"fetch/<","sourceId":28,"lineNumber":268,"columnNumber":15,"asyncCause":null,"asyncCaller":null,"caller":{"filename":"resource://services-settings/Utils.sys.mjs","name":"fetch","sourceId":28,"lineNumber":219,"columnNumber":12,"asyncCause":null,"asyncCaller":null,"caller":{"filename":"resource://services-settings/Utils.sys.mjs","name":"fetchLatestChanges","sourceId":28,"lineNumber":429,"columnNumber":34,"asyncCause":null,"asyncCaller":null,"caller":{"filename":"resource://services-settings/RemoteSettingsClient.sys.mjs","name":"sync","sourceId":26,"lineNumber":625,"columnNumber":42,"asyncCause":null,"asyncCaller":null,"caller":{"filename":"resource://services-settings/RemoteSettingsClient.sys.mjs","name":"get/this._importingPromise<","sourceId":26,"lineNumber":477,"columnNumber":28,"asyncCause":null,"asyncCaller":null,"caller":null,"formattedStack":"get/this._importingPromise<@resource://services-settings/RemoteSettingsClient.sys.mjs:477:28\n","nativeSavedFrame":{}},"formattedStack":"sync@resource://services-settings/RemoteSettingsClient.sys.mjs:625:42\nget/this._importingPromise<@resource://services-settings/RemoteSettingsClient.sys.mjs:477:28\n","nativeSavedFrame":{}},"formattedStack":"fetchLatestChanges@resource://services-settings/Utils.sys.mjs:429:34\nsync@resource://services-settings/RemoteSettingsClient.sys.mjs:625:42\nget/this._importingPromise<@resource://services-settings/RemoteSettingsClient.sys.mjs:477:28\n","nativeSavedFrame":{}},"formattedStack":"fetch@resource://services-settings/Utils.sys.mjs:219:12\nfetchLatestChanges@resource://services-settings/Utils.sys.mjs:429:34\nsync@resource://services-settings/RemoteSettingsClient.sys.mjs:625:42\nget/this._importingPromise<@resource://services-settings/RemoteSettingsClient.sys.mjs:477:28\n","nativeSavedFrame":{}},"formattedStack":"fetch/<@resource://services-settings/Utils.sys.mjs:268:15\nfetch@resource://services-settings/Utils.sys.mjs:219:12\nfetchLatestChanges@resource://services-settings/Utils.sys.mjs:429:34\nsync@resource://services-settings/RemoteSettingsClient.sys.mjs:625:42\nget/this._importingPromise<@resource://services-settings/RemoteSettingsClient.sys.mjs:477:28\n","nativeSavedFrame":{}},"formattedStack":"open@resource://gre/modules/ServiceRequest.sys.mjs:126:11\nfetch/<@resource://services-settings/Utils.sys.mjs:268:15\nfetch@resource://services-settings/Utils.sys.mjs:219:12\nfetchLatestChanges@resource://services-settings/Utils.sys.mjs:429:34\nsync@resource://services-settings/RemoteSettingsClient.sys.mjs:625:42\nget/this._importingPromise<@resource://services-settings/RemoteSettingsClient.sys.mjs:477:28\n","nativeSavedFrame":{}}
    - message = 
    - name = 
    - result = 2152071198
    - stack = open@resource://gre/modules/ServiceRequest.sys.mjs:126:11|fetch/<@resource://services-settings/Utils.sys.mjs:268:15|fetch@resource://services-settings/Utils.sys.mjs:219:12|fetchLatestChanges@resource://services-settings/Utils.sys.mjs:429:34|sync@resource://services-settings/RemoteSettingsClient.sys.mjs:625:42|get/this._importingPromise<@resource://services-settings/RemoteSettingsClient.sys.mjs:477:28|
  - prototype Object
console.warn: TopSitesFeed: Failed to fetch data from MARS server: NetworkError when attempting to fetch resource.
console.error: services.settings: 
Object
  - prototype Object
    - columnNumber = 0
    - data = null
    - filename = resource://gre/modules/ServiceRequest.sys.mjs
    - lineNumber = 126
    - location = {"name":"open","filename":"resource://gre/modules/ServiceRequest.sys.mjs","sourceId":29,"lineNumber":126,"columnNumber":11,"asyncCause":null,"asyncCaller":null,"caller":{"filename":"resource://services-settings/Utils.sys.mjs","name":"fetch/<","sourceId":28,"lineNumber":268,"columnNumber":15,"asyncCause":null,"asyncCaller":null,"caller":{"filename":"resource://services-settings/Utils.sys.mjs","name":"fetch","sourceId":28,"lineNumber":219,"columnNumber":12,"asyncCause":null,"asyncCaller":null,"caller":{"filename":"resource://services-settings/Utils.sys.mjs","name":"fetchLatestChanges","sourceId":28,"lineNumber":429,"columnNumber":34,"asyncCause":null,"asyncCaller":null,"caller":{"filename":"resource://services-settings/RemoteSettingsClient.sys.mjs","name":"sync","sourceId":26,"lineNumber":625,"columnNumber":42,"asyncCause":null,"asyncCaller":null,"caller":{"filename":"resource://services-settings/RemoteSettingsClient.sys.mjs","name":"get/this._importingPromise<","sourceId":26,"lineNumber":477,"columnNumber":28,"asyncCause":null,"asyncCaller":null,"caller":null,"formattedStack":"get/this._importingPromise<@resource://services-settings/RemoteSettingsClient.sys.mjs:477:28\n","nativeSavedFrame":{}},"formattedStack":"sync@resource://services-settings/RemoteSettingsClient.sys.mjs:625:42\nget/this._importingPromise<@resource://services-settings/RemoteSettingsClient.sys.mjs:477:28\n","nativeSavedFrame":{}},"formattedStack":"fetchLatestChanges@resource://services-settings/Utils.sys.mjs:429:34\nsync@resource://services-settings/RemoteSettingsClient.sys.mjs:625:42\nget/this._importingPromise<@resource://services-settings/RemoteSettingsClient.sys.mjs:477:28\n","nativeSavedFrame":{}},"formattedStack":"fetch@resource://services-settings/Utils.sys.mjs:219:12\nfetchLatestChanges@resource://services-settings/Utils.sys.mjs:429:34\nsync@resource://services-settings/RemoteSettingsClient.sys.mjs:625:42\nget/this._importingPromise<@resource://services-settings/RemoteSettingsClient.sys.mjs:477:28\n","nativeSavedFrame":{}},"formattedStack":"fetch/<@resource://services-settings/Utils.sys.mjs:268:15\nfetch@resource://services-settings/Utils.sys.mjs:219:12\nfetchLatestChanges@resource://services-settings/Utils.sys.mjs:429:34\nsync@resource://services-settings/RemoteSettingsClient.sys.mjs:625:42\nget/this._importingPromise<@resource://services-settings/RemoteSettingsClient.sys.mjs:477:28\n","nativeSavedFrame":{}},"formattedStack":"open@resource://gre/modules/ServiceRequest.sys.mjs:126:11\nfetch/<@resource://services-settings/Utils.sys.mjs:268:15\nfetch@resource://services-settings/Utils.sys.mjs:219:12\nfetchLatestChanges@resource://services-settings/Utils.sys.mjs:429:34\nsync@resource://services-settings/RemoteSettingsClient.sys.mjs:625:42\nget/this._importingPromise<@resource://services-settings/RemoteSettingsClient.sys.mjs:477:28\n","nativeSavedFrame":{}}
    - message = 
    - name = 
    - result = 2152071198
    - stack = open@resource://gre/modules/ServiceRequest.sys.mjs:126:11|fetch/<@resource://services-settings/Utils.sys.mjs:268:15|fetch@resource://services-settings/Utils.sys.mjs:219:12|fetchLatestChanges@resource://services-settings/Utils.sys.mjs:429:34|sync@resource://services-settings/RemoteSettingsClient.sys.mjs:625:42|get/this._importingPromise<@resource://services-settings/RemoteSettingsClient.sys.mjs:477:28|
  - prototype Object
console.error: services.settings: 
Object
  - prototype Object
    - columnNumber = 0
    - data = null
    - filename = resource://gre/modules/ServiceRequest.sys.mjs
    - lineNumber = 126
    - location = {"name":"open","filename":"resource://gre/modules/ServiceRequest.sys.mjs","sourceId":29,"lineNumber":126,"columnNumber":11,"asyncCause":null,"asyncCaller":null,"caller":{"filename":"resource://services-settings/Utils.sys.mjs","name":"fetch/<","sourceId":28,"lineNumber":268,"columnNumber":15,"asyncCause":null,"asyncCaller":null,"caller":{"filename":"resource://services-settings/Utils.sys.mjs","name":"fetch","sourceId":28,"lineNumber":219,"columnNumber":12,"asyncCause":null,"asyncCaller":null,"caller":{"filename":"resource://services-settings/Utils.sys.mjs","name":"fetchLatestChanges","sourceId":28,"lineNumber":429,"columnNumber":34,"asyncCause":null,"asyncCaller":null,"caller":{"filename":"resource://services-settings/RemoteSettingsClient.sys.mjs","name":"sync","sourceId":26,"lineNumber":625,"columnNumber":42,"asyncCause":null,"asyncCaller":null,"caller":{"filename":"resource://services-settings/RemoteSettingsClient.sys.mjs","name":"get/this._importingPromise<","sourceId":26,"lineNumber":477,"columnNumber":28,"asyncCause":null,"asyncCaller":null,"caller":null,"formattedStack":"get/this._importingPromise<@resource://services-settings/RemoteSettingsClient.sys.mjs:477:28\n","nativeSavedFrame":{}},"formattedStack":"sync@resource://services-settings/RemoteSettingsClient.sys.mjs:625:42\nget/this._importingPromise<@resource://services-settings/RemoteSettingsClient.sys.mjs:477:28\n","nativeSavedFrame":{}},"formattedStack":"fetchLatestChanges@resource://services-settings/Utils.sys.mjs:429:34\nsync@resource://services-settings/RemoteSettingsClient.sys.mjs:625:42\nget/this._importingPromise<@resource://services-settings/RemoteSettingsClient.sys.mjs:477:28\n","nativeSavedFrame":{}},"formattedStack":"fetch@resource://services-settings/Utils.sys.mjs:219:12\nfetchLatestChanges@resource://services-settings/Utils.sys.mjs:429:34\nsync@resource://services-settings/RemoteSettingsClient.sys.mjs:625:42\nget/this._importingPromise<@resource://services-settings/RemoteSettingsClient.sys.mjs:477:28\n","nativeSavedFrame":{}},"formattedStack":"fetch/<@resource://services-settings/Utils.sys.mjs:268:15\nfetch@resource://services-settings/Utils.sys.mjs:219:12\nfetchLatestChanges@resource://services-settings/Utils.sys.mjs:429:34\nsync@resource://services-settings/RemoteSettingsClient.sys.mjs:625:42\nget/this._importingPromise<@resource://services-settings/RemoteSettingsClient.sys.mjs:477:28\n","nativeSavedFrame":{}},"formattedStack":"open@resource://gre/modules/ServiceRequest.sys.mjs:126:11\nfetch/<@resource://services-settings/Utils.sys.mjs:268:15\nfetch@resource://services-settings/Utils.sys.mjs:219:12\nfetchLatestChanges@resource://services-settings/Utils.sys.mjs:429:34\nsync@resource://services-settings/RemoteSettingsClient.sys.mjs:625:42\nget/this._importingPromise<@resource://services-settings/RemoteSettingsClient.sys.mjs:477:28\n","nativeSavedFrame":{}}
    - message = 
    - name = 
    - result = 2152071198
    - stack = open@resource://gre/modules/ServiceRequest.sys.mjs:126:11|fetch/<@resource://services-settings/Utils.sys.mjs:268:15|fetch@resource://services-settings/Utils.sys.mjs:219:12|fetchLatestChanges@resource://services-settings/Utils.sys.mjs:429:34|sync@resource://services-settings/RemoteSettingsClient.sys.mjs:625:42|get/this._importingPromise<@resource://services-settings/RemoteSettingsClient.sys.mjs:477:28|
  - prototype Object
JavaScript error: , line 0: uncaught exception: undefined
JavaScript error: resource://gre/modules/workers/require.js, line 140: Error: : 
JavaScript error: chrome://global/content/elements/browser-custom-element.js, line 712: TypeError: this.browsingContext is null
JavaScript error: , line 0: uncaught exception: undefined
JavaScript error: resource://gre/modules/SearchService.sys.mjs, line 1455: NS_ERROR_ABORT: #init: abandoning init due to shutting down
JavaScript error: resource://gre/modules/SearchService.sys.mjs, line 1455: NS_ERROR_ABORT: #init: abandoning init due to shutting down
JavaScript error: resource://gre/modules/SearchService.sys.mjs, line 1455: NS_ERROR_ABORT: #init: abandoning init due to shutting down
JavaScript error: resource://gre/modules/SearchService.sys.mjs, line 1455: NS_ERROR_ABORT: #init: abandoning init due to shutting down
console.error: "Error in processing browser-idle-startup for QuickSuggest.init"
console.error: (void 0)
console.error: "Failed to import bookmarks from chrome://browser/content/default-bookmarks.html:" [Exception... "<no message>"  nsresult: "0x8046001e (<unknown>)"  location: "JS frame :: resource://gre/modules/BookmarkHTMLUtils.sys.mjs :: fetchData/< :: line 1134"  data: no]
console.error: "Bookmarks.html file could be corrupt. " [Exception... "<no message>"  nsresult: "0x8046001e (<unknown>)"  location: "JS frame :: resource://gre/modules/BookmarkHTMLUtils.sys.mjs :: fetchData/< :: line 1134"  data: no]
console.error: services.settings: 
Object
  - prototype Object
    - columnNumber = 0
    - data = null
    - filename = resource://gre/modules/ServiceRequest.sys.mjs
    - lineNumber = 126
    - location = {"name":"open","filename":"resource://gre/modules/ServiceRequest.sys.mjs","sourceId":29,"lineNumber":126,"columnNumber":11,"asyncCause":null,"asyncCaller":null,"caller":{"filename":"resource://services-settings/Utils.sys.mjs","name":"fetch/<","sourceId":28,"lineNumber":268,"columnNumber":15,"asyncCause":null,"asyncCaller":null,"caller":{"filename":"resource://services-settings/Utils.sys.mjs","name":"fetch","sourceId":28,"lineNumber":219,"columnNumber":12,"asyncCause":null,"asyncCaller":null,"caller":{"filename":"resource://services-settings/Utils.sys.mjs","name":"fetchLatestChanges","sourceId":28,"lineNumber":429,"columnNumber":34,"asyncCause":null,"asyncCaller":null,"caller":{"filename":"resource://services-settings/RemoteSettingsClient.sys.mjs","name":"sync","sourceId":26,"lineNumber":625,"columnNumber":42,"asyncCause":null,"asyncCaller":null,"caller":{"filename":"resource://services-settings/RemoteSettingsClient.sys.mjs","name":"get/this._importingPromise<","sourceId":26,"lineNumber":477,"columnNumber":28,"asyncCause":null,"asyncCaller":null,"caller":null,"formattedStack":"get/this._importingPromise<@resource://services-settings/RemoteSettingsClient.sys.mjs:477:28\n","nativeSavedFrame":{}},"formattedStack":"sync@resource://services-settings/RemoteSettingsClient.sys.mjs:625:42\nget/this._importingPromise<@resource://services-settings/RemoteSettingsClient.sys.mjs:477:28\n","nativeSavedFrame":{}},"formattedStack":"fetchLatestChanges@resource://services-settings/Utils.sys.mjs:429:34\nsync@resource://services-settings/RemoteSettingsClient.sys.mjs:625:42\nget/this._importingPromise<@resource://services-settings/RemoteSettingsClient.sys.mjs:477:28\n","nativeSavedFrame":{}},"formattedStack":"fetch@resource://services-settings/Utils.sys.mjs:219:12\nfetchLatestChanges@resource://services-settings/Utils.sys.mjs:429:34\nsync@resource://services-settings/RemoteSettingsClient.sys.mjs:625:42\nget/this._importingPromise<@resource://services-settings/RemoteSettingsClient.sys.mjs:477:28\n","nativeSavedFrame":{}},"formattedStack":"fetch/<@resource://services-settings/Utils.sys.mjs:268:15\nfetch@resource://services-settings/Utils.sys.mjs:219:12\nfetchLatestChanges@resource://services-settings/Utils.sys.mjs:429:34\nsync@resource://services-settings/RemoteSettingsClient.sys.mjs:625:42\nget/this._importingPromise<@resource://services-settings/RemoteSettingsClient.sys.mjs:477:28\n","nativeSavedFrame":{}},"formattedStack":"open@resource://gre/modules/ServiceRequest.sys.mjs:126:11\nfetch/<@resource://services-settings/Utils.sys.mjs:268:15\nfetch@resource://services-settings/Utils.sys.mjs:219:12\nfetchLatestChanges@resource://services-settings/Utils.sys.mjs:429:34\nsync@resource://services-settings/RemoteSettingsClient.sys.mjs:625:42\nget/this._importingPromise<@resource://services-settings/RemoteSettingsClient.sys.mjs:477:28\n","nativeSavedFrame":{}}
    - message = 
    - name = 
    - result = 2152071198
    - stack = open@resource://gre/modules/ServiceRequest.sys.mjs:126:11|fetch/<@resource://services-settings/Utils.sys.mjs:268:15|fetch@resource://services-settings/Utils.sys.mjs:219:12|fetchLatestChanges@resource://services-settings/Utils.sys.mjs:429:34|sync@resource://services-settings/RemoteSettingsClient.sys.mjs:625:42|get/this._importingPromise<@resource://services-settings/RemoteSettingsClient.sys.mjs:477:28|
  - prototype Object
JavaScript error: resource://gre/modules/SearchService.sys.mjs, line 1319: Error: SearchService failed while it was initializing.
JavaScript error: resource://newtab/lib/TopSitesFeed.sys.mjs, line 141: NS_ERROR_XPC_JAVASCRIPT_ERROR_WITH_DETAILS: [JavaScript Error: "SearchService failed while it was initializing." {file: "resource://gre/modules/SearchService.sys.mjs" line: 1319}]'[JavaScript Error: "SearchService failed while it was initializing." {file: "resource://gre/modules/SearchService.sys.mjs" line: 1319}]' when calling method: [nsISearchService::defaultEngine]
