1750759679926	geckodriver	INFO	Listening on 127.0.0.1:56556
1750759683007	mozrunner::runner	INFO	Running command: "C:\\Users\\Helio\\.cache\\selenium\\firefox\\win64\\139.0.4\\firefox.exe" "--marionette" "--remote-debuggin ... 7" "--remote-allow-hosts" "localhost" "-no-remote" "-profile" "C:\\Users\\Helio\\AppData\\Local\\Temp\\rust_mozprofileXuSQiM"
console.warn: services.settings: Ignoring preference override of remote settings server
console.warn: services.settings: Allow by setting MOZ_REMOTE_SETTINGS_DEVTOOLS=1 in the environment
Dynamically enable window occlusion 0
1750759683883	Marionette	INFO	Marionette enabled
1750759684163	Marionette	INFO	Listening on port 56566
WebDriver BiDi listening on ws://127.0.0.1:56557
Read port: 56566
1750759684508	RemoteAgent	WARN	TLS certificate errors will be ignored for this session
DevTools listening on ws://127.0.0.1:56557/devtools/browser/258155ab-6333-42a9-b2cf-7a8fb760542b
Hit MOZ_CRASH([unhandlable oom] js::wasm::Init) at /builds/worker/checkouts/gecko/js/src/vm/JSContext.cpp:1365
A content process crashed and MOZ_CRASHREPORTER_SHUTDOWN is set, shutting down
[GFX1-]: DCompositionSurface::BeginDraw failed: 0x8007000e Rect(x=524288, y=524288, w=1024, h=512)
[GFX1-]: DCompositionSurface::BeginDraw failed: 0x8007000e Rect(x=524288, y=524288, w=1024, h=512)
[GFX1-]: DCompositionSurface::BeginDraw failed: 0x8007000e Rect(x=524288, y=524288, w=1024, h=512)
[GFX1-]: DCompositionSurface::BeginDraw failed: 0x8007000e Rect(x=524288, y=524288, w=1024, h=512)
[GFX1-]: DCompositionSurface::BeginDraw failed: 0x8007000e Rect(x=524288, y=524288, w=1024, h=512)
[GFX1-]: DCompositionSurface::BeginDraw failed: 0x8007000e Rect(x=524288, y=524288, w=1024, h=512)
1750759690692	Marionette	INFO	Stopped listening on port 56566
[GFX1-]: DCompositionSurface::BeginDraw failed: 0x8007000e Rect(x=524288, y=524288, w=1024, h=512)
[GFX1-]: DCompositionSurface::BeginDraw failed: 0x8007000e Rect(x=524288, y=524288, w=1024, h=512)
[GFX1-]: DCompositionSurface::BeginDraw failed: 0x8007000e Rect(x=524288, y=524288, w=1024, h=512)
Hit MOZ_CRASH([unhandlable oom] Failed to allocate new chunk during GC) at /builds/worker/checkouts/gecko/js/src/vm/JSContext.cpp:1365
[GFX1-]: DCompositionSurface::BeginDraw failed: 0x8007000e Rect(x=524288, y=524288, w=512, h=256)
Exiting due to channel error.
[GFX1-]: CompositorBridgeChild receives IPC close with reason=AbnormalShutdown
[GFX1-]: CompositorBridgeChild receives IPC close with reason=AbnormalShutdown
Exiting due to channel error.
